make all --print-data-base --no-builtin-variables --no-builtin-rules --question
make: *** No rule to make target 'all'.  Stop.
 
# GNU Make 4.2.1
# Built for x86_64-pc-linux-gnu
# Copyright (C) 1988-2016 Free Software Foundation, Inc.
# License GPLv3+: GNU GPL version 3 or later <http://gnu.org/licenses/gpl.html>
# This is free software: you are free to change and redistribute it.
# There is NO WARRANTY, to the extent permitted by law.

# Make data base, printed on Tue Oct 19 17:00:59 2021

# Variables

# automatic
<D = $(patsubst %/,%,$(dir $<))
# automatic
?F = $(notdir $?)
# default
.SHELLFLAGS := -c
# environment
XDG_SESSION_CLASS = user
# environment
VSCODE_AGENT_FOLDER = /home/usuario/.vscode-server
# environment
XDG_SESSION_TYPE = tty
# environment
VSCODE_LOG_NATIVE = false
# automatic
?D = $(patsubst %/,%,$(dir $?))
# automatic
@D = $(patsubst %/,%,$(dir $@))
# automatic
@F = $(notdir $@)
# default
MAKE_VERSION := 4.2.1
# makefile
CURDIR := /home/usuario/Practicas_CyA_2122/Práctica_3
# makefile
SHELL = /bin/sh
# environment
VSCODE_NLS_CONFIG = {"locale":"es","availableLanguages":{"*":"es"},"_languagePackId":"fa6bea3b5c08b67e5fcd361ccd02fa7a.es","_translationsConfigFile":"/home/usuario/.vscode-server/data/clp/fa6bea3b5c08b67e5fcd361ccd02fa7a.es/tcf.json","_cacheRoot":"/home/usuario/.vscode-server/data/clp/fa6bea3b5c08b67e5fcd361ccd02fa7a.es","_resolvedLanguagePackCoreLocation":"/home/usuario/.vscode-server/data/clp/fa6bea3b5c08b67e5fcd361ccd02fa7a.es/c13f1abb110fc756f9b3a6f16670df9cd9d4cf63","_corruptedFile":"/home/usuario/.vscode-server/data/clp/fa6bea3b5c08b67e5fcd361ccd02fa7a.es/corrupted.info","_languagePackSupport":true}
# environment
_ = /home/usuario/.vscode-server/bin/c13f1abb110fc756f9b3a6f16670df9cd9d4cf63/node
# makefile (from 'Makefile', line 1)
MAKEFILE_LIST :=  Makefile
# 'override' directive
GNUMAKEFLAGS := 
# environment
XDG_DATA_DIRS = /usr/local/share:/usr/share:/var/lib/snapd/desktop
# environment
DBUS_SESSION_BUS_ADDRESS = unix:path=/run/user/1000/bus
# environment
VSCODE_VERBOSE_LOGGING = true
# environment
LESSOPEN = | /usr/bin/lesspipe %s
# environment
VSCODE_CWD = /home/usuario
# environment
SSH_CONNECTION = 10.150.56.14 60287 10.6.130.57 22
# environment
PATH = /home/usuario/.vscode-server/bin/c13f1abb110fc756f9b3a6f16670df9cd9d4cf63/bin:/home/usuario/.vscode-server/bin/c13f1abb110fc756f9b3a6f16670df9cd9d4cf63/bin:/usr/local/sbin:/usr/local/bin:/usr/sbin:/usr/bin:/sbin:/bin:/usr/games:/usr/local/games:/snap/bin
# environment
XDG_RUNTIME_DIR = /run/user/1000
# environment
VSCODE_LOG_STACK = false
# environment
VSCODE_IPC_HOOK_CLI = /run/user/1000/vscode-ipc-b4337d6f-4c99-41da-8d33-895de0759d14.sock
# default
.FEATURES := target-specific order-only second-expansion else-if shortest-stem undefine oneshell archives jobserver output-sync check-symlink load
# environment
LS_COLORS = 
# automatic
%F = $(notdir $%)
# environment
VSCODE_PIPE_LOGGING = true
# environment
PWD = /home/usuario/Practicas_CyA_2122/Práctica_3
# default
.LOADED := 
# automatic
*D = $(patsubst %/,%,$(dir $*))
# environment
VSCODE_AMD_ENTRYPOINT = vs/server/remoteExtensionHostProcess
# environment
HOME = /home/usuario
# environment
LESSCLOSE = /usr/bin/lesspipe %s %s
# environment
LOGNAME = usuario
# environment
APPLICATION_INSIGHTS_NO_DIAGNOSTIC_CHANNEL = true
# automatic
+F = $(notdir $+)
# environment
VSCODE_HANDLES_UNCAUGHT_ERRORS = true
# automatic
^D = $(patsubst %/,%,$(dir $^))
# environment
MAKELEVEL := 0
# default
MAKE = $(MAKE_COMMAND)
# default
MAKECMDGOALS := all
# environment
SHLVL = 0
# environment
XDG_SESSION_ID = 557
# environment
USER = usuario
# makefile
.DEFAULT_GOAL := compilar
# automatic
%D = $(patsubst %/,%,$(dir $%))
# default
MAKE_COMMAND := make
# default
.VARIABLES := 
# automatic
*F = $(notdir $*)
# makefile
MAKEFLAGS = pqrR
# environment
MFLAGS = -pqrR
# environment
SSH_CLIENT = 10.150.56.14 60287 22
# automatic
+D = $(patsubst %/,%,$(dir $+))
# environment
BROWSER = /home/usuario/.vscode-server/bin/c13f1abb110fc756f9b3a6f16670df9cd9d4cf63/bin/helpers/browser.sh
# default
MAKEFILES := 
# automatic
<F = $(notdir $<)
# environment
LC_ALL = C
# automatic
^F = $(notdir $^)
# default
SUFFIXES := 
# default
.INCLUDE_DIRS = /usr/include /usr/local/include /usr/include
# environment
VSCODE_INJECT_NODE_MODULE_LOOKUP_PATH = /home/usuario/.vscode-server/bin/c13f1abb110fc756f9b3a6f16670df9cd9d4cf63/remote/node_modules
# default
.RECIPEPREFIX := 
# default
MAKE_HOST := x86_64-pc-linux-gnu
# environment
LANG = C
# environment
VSCODE_EXTHOST_WILL_SEND_SOCKET = true
# environment
MOTD_SHOWN = pam
# variable set hash-table stats:
# Load=70/1024=7%, Rehash=0, Collisions=9/95=9%

# Pattern-specific Variable Values

# No pattern-specific variable values.

# Directories

# . (device 64768, inode 403350): 14 files, no impossibilities.

# 14 files, no impossibilities in 1 directories.

# Implicit Rules

# No implicit rules.

# Files

ejecutar_prefijos: main
#  Implicit rule search has not been done.
#  Modification time never checked.
#  File has not been updated.
#  recipe to execute (from 'Makefile', line 11):
	./main "entrada.txt" "salida.txt" 3

ejecutar_concatenacion_cadenas_alternativa: main
#  Implicit rule search has not been done.
#  Modification time never checked.
#  File has not been updated.
#  recipe to execute (from 'Makefile', line 29):
	./main "entrada.txt" "salida.txt" 9

# Not a target:
all:
#  Command line target.
#  Implicit rule search has been done.
#  File does not exist.
#  File has not been updated.

ejecutar_subcadenas: main
#  Implicit rule search has not been done.
#  Modification time never checked.
#  File has not been updated.
#  recipe to execute (from 'Makefile', line 17):
	./main "entrada.txt" "salida.txt" 5

ejecutar_comparacion_cadenas: main
#  Implicit rule search has not been done.
#  Modification time never checked.
#  File has not been updated.
#  recipe to execute (from 'Makefile', line 20):
	./main "entrada.txt" "salida.txt" 6

ejecutar_sufijos: main
#  Implicit rule search has not been done.
#  Modification time never checked.
#  File has not been updated.
#  recipe to execute (from 'Makefile', line 14):
	./main "entrada.txt" "salida.txt" 4

# Not a target:
Makefile:
#  Implicit rule search has been done.
#  Last modified 2021-10-19 15:45:31.876940182
#  File has been updated.
#  Successfully updated.

ejecutar_inversa: main
#  Implicit rule search has not been done.
#  Modification time never checked.
#  File has not been updated.
#  recipe to execute (from 'Makefile', line 8):
	./main "entrada.txt" "salida.txt" 2

ejecutar_potencia_cadenas: main
#  Implicit rule search has not been done.
#  Modification time never checked.
#  File has not been updated.
#  recipe to execute (from 'Makefile', line 26):
	./main "entrada.txt" "salida.txt" 8

# Not a target:
main.cpp:
#  Implicit rule search has not been done.
#  Modification time never checked.
#  File has not been updated.

# Not a target:
lenguaje.cpp:
#  Implicit rule search has not been done.
#  Modification time never checked.
#  File has not been updated.

# Not a target:
.DEFAULT:
#  Implicit rule search has not been done.
#  Modification time never checked.
#  File has not been updated.

# Not a target:
alfabeto.cpp:
#  Implicit rule search has not been done.
#  Modification time never checked.
#  File has not been updated.

ejecutar_concatenacion_cadenas: main
#  Implicit rule search has not been done.
#  Modification time never checked.
#  File has not been updated.
#  recipe to execute (from 'Makefile', line 23):
	./main "entrada.txt" "salida.txt" 7

# Not a target:
cadena.cpp:
#  Implicit rule search has not been done.
#  Modification time never checked.
#  File has not been updated.

limpiar_ejecutable:
#  Implicit rule search has not been done.
#  Modification time never checked.
#  File has not been updated.
#  recipe to execute (from 'Makefile', line 32):
	rm main
	cat /dev/null > salida.txt

compilar: main.cpp alfabeto.cpp cadena.cpp lenguaje.cpp
#  Implicit rule search has not been done.
 
#  Modification time never checked.
#  File has not been updated.
#  recipe to execute (from 'Makefile', line 2):
	g++ -Wall main.cpp alfabeto.cpp cadena.cpp lenguaje.cpp -o main

# Not a target:
main:
#  Implicit rule search has not been done.
#  Modification time never checked.
#  File has not been updated.

ejecutar_longitud_cadena: main
#  Implicit rule search has not been done.
#  Modification time never checked.
#  File has not been updated.
#  recipe to execute (from 'Makefile', line 5):
	./main "entrada.txt" "salida.txt" 1

# files hash-table stats:
# Load=20/1024=2%, Rehash=0, Collisions=0/43=0%
# VPATH Search Paths

# No 'vpath' search paths.

# No general ('VPATH' variable) search path.

# strcache buffers: 1 (0) / strings = 30 / storage = 442 B / avg = 14 B
# current buf: size = 8162 B / used = 442 B / count = 30 / avg = 14 B

# strcache performance: lookups = 58 / hit rate = 48%
# hash-table stats:
# Load=30/8192=0%, Rehash=0, Collisions=1/58=2%
# Finished Make data base on Tue Oct 19 17:00:59 2021

 
